[ 2017-09-26T22:37:49+08:00 ] 111.161.57.65 /bocai/index.php/Index/number
INFO: [ app_init ] --START--
INFO: Run Behavior\BuildLiteBehavior [ RunTime:0.000000s ]
INFO: [ app_init ] --END-- [ RunTime:0.000000s ]
INFO: [ app_begin ] --START--
INFO: Run Behavior\ReadHtmlCacheBehavior [ RunTime:0.000000s ]
INFO: [ app_begin ] --END-- [ RunTime:0.000000s ]
SQL: SHOW COLUMNS FROM `cow_award` [ RunTime:0.0000s ]
SQL: SELECT * FROM `cow_award` WHERE ( award_number!='' ) ORDER BY date_number desc LIMIT 1   [ RunTime:0.0000s ]

[ 2017-09-26T22:37:49+08:00 ] 123.151.138.100 /bocai/index.php/Lottery/index.html
INFO: [ app_init ] --START--
INFO: Run Behavior\BuildLiteBehavior [ RunTime:0.000000s ]
INFO: [ app_init ] --END-- [ RunTime:0.000000s ]
INFO: [ app_begin ] --START--
INFO: Run Behavior\ReadHtmlCacheBehavior [ RunTime:0.000000s ]
INFO: [ app_begin ] --END-- [ RunTime:0.000000s ]
SQL: SHOW COLUMNS FROM `cow_buy` [ RunTime:0.0000s ]
SQL: SELECT * FROM `cow_buy` WHERE ( wx=1 and user_id=100011 and buy_time between '1506350269' and '1506436669' )  [ RunTime:0.0000s ]
SQL: SELECT * FROM `cow_buy` WHERE ( wx=1 and user_id=100011 and buy_time between '1506350269' and '1506436669' and success=1 )  [ RunTime:0.0000s ]
SQL: SELECT * FROM `cow_buy` WHERE ( wx=1 and user_id=100011 and buy_time between '1506350269' and '1506436669' and success=0 )  [ RunTime:0.0000s ]
SQL: SHOW COLUMNS FROM `cow_buy` [ RunTime:0.0000s ]
SQL: SELECT a.id,a.user_id,a.controller,a.success,a.number,a.date_number,a.buy_time,a.type,b.user_name,b.user_photo,c.goods_price,c.goods_image,c.remark FROM cow_buy a,cow_userinfo b,cow_goods c WHERE ( a.wx=1 and a.user_id=b.id and a.goods_id=c.id and user_id=100011 ) ORDER BY a.buy_time desc  [ RunTime:0.0000s ]
INFO: [ view_parse ] --START--
INFO: [ template_filter ] --START--
INFO: Run Behavior\ContentReplaceBehavior [ RunTime:0.000000s ]
INFO: [ template_filter ] --END-- [ RunTime:0.000000s ]
INFO: Run Behavior\ParseTemplateBehavior [ RunTime:0.015625s ]
INFO: [ view_parse ] --END-- [ RunTime:0.015625s ]
INFO: [ view_filter ] --START--
INFO: Run Behavior\WriteHtmlCacheBehavior [ RunTime:0.000000s ]
INFO: [ view_filter ] --END-- [ RunTime:0.000000s ]
INFO: [ app_end ] --START--
INFO: Run Behavior\ShowPageTraceBehavior [ RunTime:0.000000s ]
INFO: [ app_end ] --END-- [ RunTime:0.000000s ]

