[ 2017-10-18T15:42:37+08:00 ] 101.226.102.122 /duobao/index.php/Login/login
INFO: [ app_init ] --START--
INFO: Run Behavior\BuildLiteBehavior [ RunTime:0.000000s ]
INFO: [ app_init ] --END-- [ RunTime:0.000000s ]
INFO: [ app_begin ] --START--
INFO: Run Behavior\ReadHtmlCacheBehavior [ RunTime:0.000000s ]
INFO: [ app_begin ] --END-- [ RunTime:0.000000s ]
INFO: [ app_end ] --START--
INFO: Run Behavior\ShowPageTraceBehavior [ RunTime:0.000000s ]
INFO: [ app_end ] --END-- [ RunTime:0.000000s ]

[ 2017-10-18T15:42:38+08:00 ] 101.226.102.122 /duobao/index.php/Login/login_do?code=061YtZjq15vPUm0DoClq1hJSjq1YtZjh&state=1
INFO: [ app_init ] --START--
INFO: Run Behavior\BuildLiteBehavior [ RunTime:0.000000s ]
INFO: [ app_init ] --END-- [ RunTime:0.000000s ]
INFO: [ app_begin ] --START--
INFO: Run Behavior\ReadHtmlCacheBehavior [ RunTime:0.000000s ]
INFO: [ app_begin ] --END-- [ RunTime:0.015625s ]
NOTIC: [8] Undefined index: access_token C:\wamp\www\duobao\lib\ThinkPHP\Library\Vendor\Card\class_weixin_adv.php 第 31 行.
SQL: SHOW COLUMNS FROM `cow_userinfo` [ RunTime:0.0000s ]
SQL: SELECT * FROM `cow_userinfo` WHERE ( openid='ot3tm1f3fg0CBT7ZLBZRs0Mpe0ik' ) LIMIT 1   [ RunTime:0.0000s ]
SQL: INSERT INTO `cow_userinfo` (`openid`,`user_name`,`user_photo`) VALUES ('ot3tm1f3fg0CBT7ZLBZRs0Mpe0ik','a现实打败了天真','http://wx.qlogo.cn/mmopen/vi_32/Q0j4TwGTfTIPa96cuoWcpOvMia9L6Tk2xjvMGYqicbmEgTWMOJ9yUreUV30ibrD4uQRsUm5zOSPyBR7wwJQJUdFhg/0') [ RunTime:0.0000s ]
SQL: SELECT * FROM `cow_userinfo` WHERE ( id=100167 ) LIMIT 1   [ RunTime:0.0000s ]
INFO: [ app_end ] --START--
INFO: Run Behavior\ShowPageTraceBehavior [ RunTime:0.000000s ]
INFO: [ app_end ] --END-- [ RunTime:0.000000s ]

[ 2017-10-18T15:42:38+08:00 ] 101.226.102.122 /duobao/index.php/Index/index.html
INFO: [ app_init ] --START--
INFO: Run Behavior\BuildLiteBehavior [ RunTime:0.000000s ]
INFO: [ app_init ] --END-- [ RunTime:0.000000s ]
INFO: [ app_begin ] --START--
INFO: Run Behavior\ReadHtmlCacheBehavior [ RunTime:0.000000s ]
INFO: [ app_begin ] --END-- [ RunTime:0.000000s ]
SQL: SHOW COLUMNS FROM `cow_userinfo` [ RunTime:0.0000s ]
SQL: SELECT * FROM `cow_userinfo` WHERE ( openid='ot3tm1f3fg0CBT7ZLBZRs0Mpe0ik' ) LIMIT 1   [ RunTime:0.0000s ]
SQL: SHOW COLUMNS FROM `cow_buy` [ RunTime:0.0000s ]
SQL: SELECT * FROM cow_buy a,cow_userinfo b,cow_goods c WHERE ( a.wx=1 and a.controller=0 and a.user_id=b.id and a.goods_id=c.id ) ORDER BY buy_time desc  [ RunTime:0.0000s ]
SQL: SELECT * FROM cow_buy a,cow_userinfo b,cow_goods c WHERE ( a.wx=1 and a.user_id=b.id and a.goods_id=c.id and a.controller!=0 and a.success=1 ) ORDER BY buy_time desc LIMIT 0,40   [ RunTime:0.0000s ]
SQL: SHOW COLUMNS FROM `cow_award` [ RunTime:0.0000s ]
SQL: SELECT * FROM `cow_award` ORDER BY award_time desc LIMIT 0,100   [ RunTime:0.0156s ]
SQL: SELECT * FROM `cow_award` WHERE ( award_number!='' ) ORDER BY date_number desc LIMIT 1   [ RunTime:0.0000s ]
INFO: [ view_parse ] --START--
INFO: [ template_filter ] --START--
INFO: Run Behavior\ContentReplaceBehavior [ RunTime:0.000000s ]
INFO: [ template_filter ] --END-- [ RunTime:0.000000s ]
NOTIC: [8] Undefined index: number C:\wamp\www\duobao\app\Runtime\Cache\Home\7d1be2da70a3ea5a748881a71cd7aefd.php 第 668 行.
NOTIC: [8] Undefined index: new_date_number C:\wamp\www\duobao\app\Runtime\Cache\Home\7d1be2da70a3ea5a748881a71cd7aefd.php 第 670 行.
INFO: Run Behavior\ParseTemplateBehavior [ RunTime:0.015625s ]
INFO: [ view_parse ] --END-- [ RunTime:0.015625s ]
INFO: [ view_filter ] --START--
INFO: Run Behavior\WriteHtmlCacheBehavior [ RunTime:0.000000s ]
INFO: [ view_filter ] --END-- [ RunTime:0.000000s ]
INFO: [ app_end ] --START--
INFO: Run Behavior\ShowPageTraceBehavior [ RunTime:0.015625s ]
INFO: [ app_end ] --END-- [ RunTime:0.015625s ]

[ 2017-10-18T15:42:47+08:00 ] 101.226.102.122 /duobao/index.php/Index/number
INFO: [ app_init ] --START--
INFO: Run Behavior\BuildLiteBehavior [ RunTime:0.000000s ]
INFO: [ app_init ] --END-- [ RunTime:0.000000s ]
INFO: [ app_begin ] --START--
INFO: Run Behavior\ReadHtmlCacheBehavior [ RunTime:0.000000s ]
INFO: [ app_begin ] --END-- [ RunTime:0.000000s ]
SQL: SHOW COLUMNS FROM `cow_award` [ RunTime:0.0000s ]
SQL: SELECT * FROM `cow_award` WHERE ( award_number!='' ) ORDER BY date_number desc LIMIT 1   [ RunTime:0.0000s ]

[ 2017-10-18T15:42:48+08:00 ] 101.226.102.122 /duobao/index.php/Index/number
INFO: [ app_init ] --START--
INFO: Run Behavior\BuildLiteBehavior [ RunTime:0.000000s ]
INFO: [ app_init ] --END-- [ RunTime:0.000000s ]
INFO: [ app_begin ] --START--
INFO: Run Behavior\ReadHtmlCacheBehavior [ RunTime:0.000000s ]
INFO: [ app_begin ] --END-- [ RunTime:0.000000s ]
SQL: SHOW COLUMNS FROM `cow_award` [ RunTime:0.0000s ]
SQL: SELECT * FROM `cow_award` WHERE ( award_number!='' ) ORDER BY date_number desc LIMIT 1   [ RunTime:0.0000s ]

[ 2017-10-18T15:42:49+08:00 ] 101.226.102.122 /duobao/index.php/Index/number
INFO: [ app_init ] --START--
INFO: Run Behavior\BuildLiteBehavior [ RunTime:0.000000s ]
INFO: [ app_init ] --END-- [ RunTime:0.000000s ]
INFO: [ app_begin ] --START--
INFO: Run Behavior\ReadHtmlCacheBehavior [ RunTime:0.000000s ]
INFO: [ app_begin ] --END-- [ RunTime:0.000000s ]
SQL: SHOW COLUMNS FROM `cow_award` [ RunTime:0.0000s ]
SQL: SELECT * FROM `cow_award` WHERE ( award_number!='' ) ORDER BY date_number desc LIMIT 1   [ RunTime:0.0000s ]

[ 2017-10-18T15:42:51+08:00 ] 101.226.102.122 /duobao/index.php/Index/number
INFO: [ app_init ] --START--
INFO: Run Behavior\BuildLiteBehavior [ RunTime:0.000000s ]
INFO: [ app_init ] --END-- [ RunTime:0.000000s ]
INFO: [ app_begin ] --START--
INFO: Run Behavior\ReadHtmlCacheBehavior [ RunTime:0.000000s ]
INFO: [ app_begin ] --END-- [ RunTime:0.000000s ]
SQL: SHOW COLUMNS FROM `cow_award` [ RunTime:0.0000s ]
SQL: SELECT * FROM `cow_award` WHERE ( award_number!='' ) ORDER BY date_number desc LIMIT 1   [ RunTime:0.0000s ]

[ 2017-10-18T15:42:52+08:00 ] 101.226.102.122 /duobao/index.php/Index/number
INFO: [ app_init ] --START--
INFO: Run Behavior\BuildLiteBehavior [ RunTime:0.000000s ]
INFO: [ app_init ] --END-- [ RunTime:0.000000s ]
INFO: [ app_begin ] --START--
INFO: Run Behavior\ReadHtmlCacheBehavior [ RunTime:0.000000s ]
INFO: [ app_begin ] --END-- [ RunTime:0.000000s ]
SQL: SHOW COLUMNS FROM `cow_award` [ RunTime:0.0000s ]
SQL: SELECT * FROM `cow_award` WHERE ( award_number!='' ) ORDER BY date_number desc LIMIT 1   [ RunTime:0.0000s ]

[ 2017-10-18T15:42:53+08:00 ] 101.226.102.122 /duobao/index.php/Index/number
INFO: [ app_init ] --START--
INFO: Run Behavior\BuildLiteBehavior [ RunTime:0.000000s ]
INFO: [ app_init ] --END-- [ RunTime:0.000000s ]
INFO: [ app_begin ] --START--
INFO: Run Behavior\ReadHtmlCacheBehavior [ RunTime:0.000000s ]
INFO: [ app_begin ] --END-- [ RunTime:0.000000s ]
SQL: SHOW COLUMNS FROM `cow_award` [ RunTime:0.0156s ]
SQL: SELECT * FROM `cow_award` WHERE ( award_number!='' ) ORDER BY date_number desc LIMIT 1   [ RunTime:0.0000s ]

[ 2017-10-18T15:42:54+08:00 ] 101.226.102.122 /duobao/index.php/Index/number
INFO: [ app_init ] --START--
INFO: Run Behavior\BuildLiteBehavior [ RunTime:0.000000s ]
INFO: [ app_init ] --END-- [ RunTime:0.000000s ]
INFO: [ app_begin ] --START--
INFO: Run Behavior\ReadHtmlCacheBehavior [ RunTime:0.000000s ]
INFO: [ app_begin ] --END-- [ RunTime:0.000000s ]
SQL: SHOW COLUMNS FROM `cow_award` [ RunTime:0.0000s ]
SQL: SELECT * FROM `cow_award` WHERE ( award_number!='' ) ORDER BY date_number desc LIMIT 1   [ RunTime:0.0000s ]

[ 2017-10-18T15:42:54+08:00 ] 101.226.102.122 /duobao/index.php/Index/number
INFO: [ app_init ] --START--
INFO: Run Behavior\BuildLiteBehavior [ RunTime:0.000000s ]
INFO: [ app_init ] --END-- [ RunTime:0.000000s ]
INFO: [ app_begin ] --START--
INFO: Run Behavior\ReadHtmlCacheBehavior [ RunTime:0.000000s ]
INFO: [ app_begin ] --END-- [ RunTime:0.000000s ]
SQL: SHOW COLUMNS FROM `cow_award` [ RunTime:0.0000s ]
SQL: SELECT * FROM `cow_award` WHERE ( award_number!='' ) ORDER BY date_number desc LIMIT 1   [ RunTime:0.0000s ]

[ 2017-10-18T15:42:55+08:00 ] 101.226.102.122 /duobao/index.php/Index/add_date_number
INFO: [ app_init ] --START--
INFO: Run Behavior\BuildLiteBehavior [ RunTime:0.000000s ]
INFO: [ app_init ] --END-- [ RunTime:0.000000s ]
INFO: [ app_begin ] --START--
INFO: Run Behavior\ReadHtmlCacheBehavior [ RunTime:0.000000s ]
INFO: [ app_begin ] --END-- [ RunTime:0.000000s ]
SQL: SHOW COLUMNS FROM `cow_award` [ RunTime:0.0000s ]
SQL: SELECT * FROM `cow_award` WHERE ( date_number='20171018058' ) LIMIT 1   [ RunTime:0.0000s ]
SQL: SHOW COLUMNS FROM `cow_buy` [ RunTime:0.0000s ]
SQL: SELECT * FROM `cow_buy` WHERE ( date_number='20171018057' )  [ RunTime:0.0000s ]
SQL: INSERT INTO `cow_award` (`date_number`,`dan`,`shuang`,`award_number`,`type`,`award_time`) VALUES ('20171018058','0','0','25273','1','2017-10-18 15:40:56') [ RunTime:0.0000s ]
INFO: [ app_end ] --START--
INFO: Run Behavior\ShowPageTraceBehavior [ RunTime:0.000000s ]
INFO: [ app_end ] --END-- [ RunTime:0.000000s ]

[ 2017-10-18T15:42:55+08:00 ] 101.226.102.122 /duobao/index.php/Index/lottery_start
INFO: [ app_init ] --START--
INFO: Run Behavior\BuildLiteBehavior [ RunTime:0.000000s ]
INFO: [ app_init ] --END-- [ RunTime:0.000000s ]
INFO: [ app_begin ] --START--
INFO: Run Behavior\ReadHtmlCacheBehavior [ RunTime:0.000000s ]
INFO: [ app_begin ] --END-- [ RunTime:0.000000s ]
NOTIC: [2] array_slice() expects parameter 1 to be array, null given C:\wamp\www\duobao\app\Home\Controller\IndexController.class.php 第 204 行.
NOTIC: [2] Invalid argument supplied for foreach() C:\wamp\www\duobao\app\Home\Controller\IndexController.class.php 第 205 行.
SQL: SHOW COLUMNS FROM `cow_award` [ RunTime:0.0000s ]
NOTIC: [8] Undefined variable: date_number C:\wamp\www\duobao\app\Home\Controller\IndexController.class.php 第 212 行.
SQL: SELECT * FROM `cow_award` WHERE ( date_number='' ) LIMIT 1   [ RunTime:0.0000s ]
INFO: [ app_end ] --START--
INFO: Run Behavior\ShowPageTraceBehavior [ RunTime:0.000000s ]
INFO: [ app_end ] --END-- [ RunTime:0.000000s ]

[ 2017-10-18T15:42:55+08:00 ] 101.226.102.122 /duobao/index.php/Index/number
INFO: [ app_init ] --START--
INFO: Run Behavior\BuildLiteBehavior [ RunTime:0.000000s ]
INFO: [ app_init ] --END-- [ RunTime:0.000000s ]
INFO: [ app_begin ] --START--
INFO: Run Behavior\ReadHtmlCacheBehavior [ RunTime:0.000000s ]
INFO: [ app_begin ] --END-- [ RunTime:0.000000s ]
SQL: SHOW COLUMNS FROM `cow_award` [ RunTime:0.0156s ]
SQL: SELECT * FROM `cow_award` WHERE ( award_number!='' ) ORDER BY date_number desc LIMIT 1   [ RunTime:0.0000s ]

[ 2017-10-18T15:42:56+08:00 ] 101.226.102.122 /duobao/index.php/Index/number
INFO: [ app_init ] --START--
INFO: Run Behavior\BuildLiteBehavior [ RunTime:0.000000s ]
INFO: [ app_init ] --END-- [ RunTime:0.000000s ]
INFO: [ app_begin ] --START--
INFO: Run Behavior\ReadHtmlCacheBehavior [ RunTime:0.000000s ]
INFO: [ app_begin ] --END-- [ RunTime:0.000000s ]
SQL: SHOW COLUMNS FROM `cow_award` [ RunTime:0.0000s ]
SQL: SELECT * FROM `cow_award` WHERE ( award_number!='' ) ORDER BY date_number desc LIMIT 1   [ RunTime:0.0000s ]

[ 2017-10-18T15:42:57+08:00 ] 101.226.102.122 /duobao/index.php/Index/number
INFO: [ app_init ] --START--
INFO: Run Behavior\BuildLiteBehavior [ RunTime:0.000000s ]
INFO: [ app_init ] --END-- [ RunTime:0.000000s ]
INFO: [ app_begin ] --START--
INFO: Run Behavior\ReadHtmlCacheBehavior [ RunTime:0.000000s ]
INFO: [ app_begin ] --END-- [ RunTime:0.000000s ]
SQL: SHOW COLUMNS FROM `cow_award` [ RunTime:0.0000s ]
SQL: SELECT * FROM `cow_award` WHERE ( award_number!='' ) ORDER BY date_number desc LIMIT 1   [ RunTime:0.0000s ]

[ 2017-10-18T15:42:58+08:00 ] 101.226.102.122 /duobao/index.php/Index/number
INFO: [ app_init ] --START--
INFO: Run Behavior\BuildLiteBehavior [ RunTime:0.000000s ]
INFO: [ app_init ] --END-- [ RunTime:0.000000s ]
INFO: [ app_begin ] --START--
INFO: Run Behavior\ReadHtmlCacheBehavior [ RunTime:0.000000s ]
INFO: [ app_begin ] --END-- [ RunTime:0.000000s ]
SQL: SHOW COLUMNS FROM `cow_award` [ RunTime:0.0000s ]
SQL: SELECT * FROM `cow_award` WHERE ( award_number!='' ) ORDER BY date_number desc LIMIT 1   [ RunTime:0.0000s ]

[ 2017-10-18T15:42:59+08:00 ] 101.226.102.122 /duobao/index.php/Index/number
INFO: [ app_init ] --START--
INFO: Run Behavior\BuildLiteBehavior [ RunTime:0.000000s ]
INFO: [ app_init ] --END-- [ RunTime:0.000000s ]
INFO: [ app_begin ] --START--
INFO: Run Behavior\ReadHtmlCacheBehavior [ RunTime:0.000000s ]
INFO: [ app_begin ] --END-- [ RunTime:0.000000s ]
SQL: SHOW COLUMNS FROM `cow_award` [ RunTime:0.0000s ]
SQL: SELECT * FROM `cow_award` WHERE ( award_number!='' ) ORDER BY date_number desc LIMIT 1   [ RunTime:0.0000s ]

[ 2017-10-18T15:43:00+08:00 ] 101.226.102.122 /duobao/index.php/Index/number
INFO: [ app_init ] --START--
INFO: Run Behavior\BuildLiteBehavior [ RunTime:0.000000s ]
INFO: [ app_init ] --END-- [ RunTime:0.000000s ]
INFO: [ app_begin ] --START--
INFO: Run Behavior\ReadHtmlCacheBehavior [ RunTime:0.000000s ]
INFO: [ app_begin ] --END-- [ RunTime:0.000000s ]
SQL: SHOW COLUMNS FROM `cow_award` [ RunTime:0.0000s ]
SQL: SELECT * FROM `cow_award` WHERE ( award_number!='' ) ORDER BY date_number desc LIMIT 1   [ RunTime:0.0000s ]

[ 2017-10-18T15:43:01+08:00 ] 101.226.102.122 /duobao/index.php/Index/number
INFO: [ app_init ] --START--
INFO: Run Behavior\BuildLiteBehavior [ RunTime:0.000000s ]
INFO: [ app_init ] --END-- [ RunTime:0.000000s ]
INFO: [ app_begin ] --START--
INFO: Run Behavior\ReadHtmlCacheBehavior [ RunTime:0.000000s ]
INFO: [ app_begin ] --END-- [ RunTime:0.000000s ]
SQL: SHOW COLUMNS FROM `cow_award` [ RunTime:0.0000s ]
SQL: SELECT * FROM `cow_award` WHERE ( award_number!='' ) ORDER BY date_number desc LIMIT 1   [ RunTime:0.0000s ]

[ 2017-10-18T15:43:02+08:00 ] 101.226.102.122 /duobao/index.php/Index/number
INFO: [ app_init ] --START--
INFO: Run Behavior\BuildLiteBehavior [ RunTime:0.000000s ]
INFO: [ app_init ] --END-- [ RunTime:0.000000s ]
INFO: [ app_begin ] --START--
INFO: Run Behavior\ReadHtmlCacheBehavior [ RunTime:0.000000s ]
INFO: [ app_begin ] --END-- [ RunTime:0.000000s ]
SQL: SHOW COLUMNS FROM `cow_award` [ RunTime:0.0000s ]
SQL: SELECT * FROM `cow_award` WHERE ( award_number!='' ) ORDER BY date_number desc LIMIT 1   [ RunTime:0.0000s ]

[ 2017-10-18T15:43:02+08:00 ] 101.226.102.122 /duobao/index.php/Index/add_date_number
INFO: [ app_init ] --START--
INFO: Run Behavior\BuildLiteBehavior [ RunTime:0.000000s ]
INFO: [ app_init ] --END-- [ RunTime:0.000000s ]
INFO: [ app_begin ] --START--
INFO: Run Behavior\ReadHtmlCacheBehavior [ RunTime:0.000000s ]
INFO: [ app_begin ] --END-- [ RunTime:0.000000s ]
SQL: SHOW COLUMNS FROM `cow_award` [ RunTime:0.0000s ]
SQL: SELECT * FROM `cow_award` WHERE ( date_number='20171018058' ) LIMIT 1   [ RunTime:0.0000s ]
INFO: [ app_end ] --START--
INFO: Run Behavior\ShowPageTraceBehavior [ RunTime:0.000000s ]
INFO: [ app_end ] --END-- [ RunTime:0.000000s ]

[ 2017-10-18T15:43:03+08:00 ] 101.226.102.122 /duobao/index.php/Index/lottery_start
INFO: [ app_init ] --START--
INFO: Run Behavior\BuildLiteBehavior [ RunTime:0.000000s ]
INFO: [ app_init ] --END-- [ RunTime:0.000000s ]
INFO: [ app_begin ] --START--
INFO: Run Behavior\ReadHtmlCacheBehavior [ RunTime:0.000000s ]
INFO: [ app_begin ] --END-- [ RunTime:0.000000s ]
SQL: SHOW COLUMNS FROM `cow_award` [ RunTime:0.0000s ]
SQL: SELECT * FROM `cow_award` WHERE ( date_number='20171018058' ) LIMIT 1   [ RunTime:0.0000s ]
SQL: SELECT * FROM `cow_award` WHERE ( date_number='20171018058' ) LIMIT 1   [ RunTime:0.0000s ]
SQL: SHOW COLUMNS FROM `cow_buy` [ RunTime:0.0000s ]
SQL: SELECT * FROM `cow_buy` WHERE ( wx=1 and type=1 and controller=0 and date_number='20171018057' )  [ RunTime:0.0000s ]
SQL: SELECT * FROM `cow_buy` WHERE ( date_number='20171018057' and wx=1 )  [ RunTime:0.0000s ]
INFO: [ app_end ] --START--
INFO: Run Behavior\ShowPageTraceBehavior [ RunTime:0.000000s ]
INFO: [ app_end ] --END-- [ RunTime:0.000000s ]

[ 2017-10-18T15:43:03+08:00 ] 101.226.102.122 /duobao/index.php/Index/number
INFO: [ app_init ] --START--
INFO: Run Behavior\BuildLiteBehavior [ RunTime:0.000000s ]
INFO: [ app_init ] --END-- [ RunTime:0.015625s ]
INFO: [ app_begin ] --START--
INFO: Run Behavior\ReadHtmlCacheBehavior [ RunTime:0.000000s ]
INFO: [ app_begin ] --END-- [ RunTime:0.000000s ]
SQL: SHOW COLUMNS FROM `cow_award` [ RunTime:0.0000s ]
SQL: SELECT * FROM `cow_award` WHERE ( award_number!='' ) ORDER BY date_number desc LIMIT 1   [ RunTime:0.0000s ]

[ 2017-10-18T19:07:05+08:00 ] 123.151.152.141 /duobao/index.php/Login/login
INFO: [ app_init ] --START--
INFO: Run Behavior\BuildLiteBehavior [ RunTime:0.000000s ]
INFO: [ app_init ] --END-- [ RunTime:0.000000s ]
INFO: [ app_begin ] --START--
INFO: Run Behavior\ReadHtmlCacheBehavior [ RunTime:0.000000s ]
INFO: [ app_begin ] --END-- [ RunTime:0.000000s ]
INFO: [ app_end ] --START--
INFO: Run Behavior\ShowPageTraceBehavior [ RunTime:0.000000s ]
INFO: [ app_end ] --END-- [ RunTime:0.000000s ]

[ 2017-10-18T19:07:06+08:00 ] 123.151.152.141 /duobao/index.php/Login/login_do?code=0813iKgq1Atp6n0UNafq1bUZgq13iKgj&state=1
INFO: [ app_init ] --START--
INFO: Run Behavior\BuildLiteBehavior [ RunTime:0.000000s ]
INFO: [ app_init ] --END-- [ RunTime:0.000000s ]
INFO: [ app_begin ] --START--
INFO: Run Behavior\ReadHtmlCacheBehavior [ RunTime:0.000000s ]
INFO: [ app_begin ] --END-- [ RunTime:0.000000s ]
NOTIC: [8] Undefined index: access_token C:\wamp\www\duobao\lib\ThinkPHP\Library\Vendor\Card\class_weixin_adv.php 第 31 行.
SQL: SHOW COLUMNS FROM `cow_userinfo` [ RunTime:0.0000s ]
SQL: SELECT * FROM `cow_userinfo` WHERE ( openid='ot3tm1Qj2VWt8wBCBAmSpZ04VX34' ) LIMIT 1   [ RunTime:0.0000s ]
SQL: UPDATE `cow_userinfo` SET `user_name`='！',`user_photo`='http://wx.qlogo.cn/mmopen/vi_32/ggg5dgcxD0F3YKAS5PZypWwcm6bQN621ic9RVAuntCFmURsZ2aWj3iaqiadrROic8QJmJ5pmKTT33E6R7cQr7Nembg/0' WHERE ( openid='ot3tm1Qj2VWt8wBCBAmSpZ04VX34' ) [ RunTime:0.0000s ]
SQL: SELECT * FROM `cow_userinfo` WHERE ( openid='ot3tm1Qj2VWt8wBCBAmSpZ04VX34' ) LIMIT 1   [ RunTime:0.0000s ]
INFO: [ app_end ] --START--
INFO: Run Behavior\ShowPageTraceBehavior [ RunTime:0.000000s ]
INFO: [ app_end ] --END-- [ RunTime:0.000000s ]

[ 2017-10-18T19:07:06+08:00 ] 123.151.152.141 /duobao/index.php/Index/index.html
INFO: [ app_init ] --START--
INFO: Run Behavior\BuildLiteBehavior [ RunTime:0.000000s ]
INFO: [ app_init ] --END-- [ RunTime:0.000000s ]
INFO: [ app_begin ] --START--
INFO: Run Behavior\ReadHtmlCacheBehavior [ RunTime:0.000000s ]
INFO: [ app_begin ] --END-- [ RunTime:0.000000s ]
SQL: SHOW COLUMNS FROM `cow_userinfo` [ RunTime:0.0000s ]
SQL: SELECT * FROM `cow_userinfo` WHERE ( openid='ot3tm1Qj2VWt8wBCBAmSpZ04VX34' ) LIMIT 1   [ RunTime:0.0000s ]
SQL: SHOW COLUMNS FROM `cow_buy` [ RunTime:0.0000s ]
SQL: SELECT * FROM cow_buy a,cow_userinfo b,cow_goods c WHERE ( a.wx=1 and a.controller=0 and a.user_id=b.id and a.goods_id=c.id ) ORDER BY buy_time desc  [ RunTime:0.0000s ]
SQL: SELECT * FROM cow_buy a,cow_userinfo b,cow_goods c WHERE ( a.wx=1 and a.user_id=b.id and a.goods_id=c.id and a.controller!=0 and a.success=1 ) ORDER BY buy_time desc LIMIT 0,40   [ RunTime:0.0000s ]
SQL: SHOW COLUMNS FROM `cow_award` [ RunTime:0.0000s ]
SQL: SELECT * FROM `cow_award` ORDER BY award_time desc LIMIT 0,100   [ RunTime:0.0000s ]
SQL: SELECT * FROM `cow_award` WHERE ( award_number!='' ) ORDER BY date_number desc LIMIT 1   [ RunTime:0.0000s ]
INFO: [ view_parse ] --START--
INFO: [ template_filter ] --START--
INFO: Run Behavior\ContentReplaceBehavior [ RunTime:0.000000s ]
INFO: [ template_filter ] --END-- [ RunTime:0.000000s ]
NOTIC: [8] Undefined index: number C:\wamp\www\duobao\app\Runtime\Cache\Home\7d1be2da70a3ea5a748881a71cd7aefd.php 第 668 行.
NOTIC: [8] Undefined index: new_date_number C:\wamp\www\duobao\app\Runtime\Cache\Home\7d1be2da70a3ea5a748881a71cd7aefd.php 第 670 行.
INFO: Run Behavior\ParseTemplateBehavior [ RunTime:0.046874s ]
INFO: [ view_parse ] --END-- [ RunTime:0.046874s ]
INFO: [ view_filter ] --START--
INFO: Run Behavior\WriteHtmlCacheBehavior [ RunTime:0.000000s ]
INFO: [ view_filter ] --END-- [ RunTime:0.000000s ]
INFO: [ app_end ] --START--
INFO: Run Behavior\ShowPageTraceBehavior [ RunTime:0.000000s ]
INFO: [ app_end ] --END-- [ RunTime:0.000000s ]

[ 2017-10-18T19:07:09+08:00 ] 123.151.152.141 /duobao/index.php/Index/number
INFO: [ app_init ] --START--
INFO: Run Behavior\BuildLiteBehavior [ RunTime:0.000000s ]
INFO: [ app_init ] --END-- [ RunTime:0.000000s ]
INFO: [ app_begin ] --START--
INFO: Run Behavior\ReadHtmlCacheBehavior [ RunTime:0.000000s ]
INFO: [ app_begin ] --END-- [ RunTime:0.000000s ]
SQL: SHOW COLUMNS FROM `cow_award` [ RunTime:0.0000s ]
SQL: SELECT * FROM `cow_award` WHERE ( award_number!='' ) ORDER BY date_number desc LIMIT 1   [ RunTime:0.0000s ]

[ 2017-10-18T19:07:10+08:00 ] 123.151.152.141 /duobao/index.php/Index/number
INFO: [ app_init ] --START--
INFO: Run Behavior\BuildLiteBehavior [ RunTime:0.000000s ]
INFO: [ app_init ] --END-- [ RunTime:0.000000s ]
INFO: [ app_begin ] --START--
INFO: Run Behavior\ReadHtmlCacheBehavior [ RunTime:0.000000s ]
INFO: [ app_begin ] --END-- [ RunTime:0.000000s ]
SQL: SHOW COLUMNS FROM `cow_award` [ RunTime:0.0000s ]
SQL: SELECT * FROM `cow_award` WHERE ( award_number!='' ) ORDER BY date_number desc LIMIT 1   [ RunTime:0.0000s ]

[ 2017-10-18T19:07:11+08:00 ] 123.151.152.141 /duobao/index.php/Index/number
INFO: [ app_init ] --START--
INFO: Run Behavior\BuildLiteBehavior [ RunTime:0.000000s ]
INFO: [ app_init ] --END-- [ RunTime:0.000000s ]
INFO: [ app_begin ] --START--
INFO: Run Behavior\ReadHtmlCacheBehavior [ RunTime:0.000000s ]
INFO: [ app_begin ] --END-- [ RunTime:0.000000s ]
SQL: SHOW COLUMNS FROM `cow_award` [ RunTime:0.0000s ]
SQL: SELECT * FROM `cow_award` WHERE ( award_number!='' ) ORDER BY date_number desc LIMIT 1   [ RunTime:0.0000s ]

