[ 2017-10-06T08:57:28+08:00 ] 123.151.138.58 /duobao/index.php/Login/login
INFO: [ app_init ] --START--
INFO: Run Behavior\BuildLiteBehavior [ RunTime:0.000000s ]
INFO: [ app_init ] --END-- [ RunTime:0.000000s ]
INFO: [ app_begin ] --START--
INFO: Run Behavior\ReadHtmlCacheBehavior [ RunTime:0.000000s ]
INFO: [ app_begin ] --END-- [ RunTime:0.000000s ]
INFO: [ app_end ] --START--
INFO: Run Behavior\ShowPageTraceBehavior [ RunTime:0.000000s ]
INFO: [ app_end ] --END-- [ RunTime:0.000000s ]

[ 2017-10-06T08:57:29+08:00 ] 123.151.138.58 /duobao/index.php/Login/login_do?code=061LrNvg25sWHC0RN6xg2mkUvg2LrNvW&state=1
INFO: [ app_init ] --START--
INFO: Run Behavior\BuildLiteBehavior [ RunTime:0.000000s ]
INFO: [ app_init ] --END-- [ RunTime:0.000000s ]
INFO: [ app_begin ] --START--
INFO: Run Behavior\ReadHtmlCacheBehavior [ RunTime:0.000000s ]
INFO: [ app_begin ] --END-- [ RunTime:0.000000s ]
NOTIC: [8] Undefined index: access_token C:\wamp\www\duobao\lib\ThinkPHP\Library\Vendor\Card\class_weixin_adv.php 第 31 行.
SQL: SHOW COLUMNS FROM `cow_userinfo` [ RunTime:0.0000s ]
SQL: SELECT * FROM `cow_userinfo` WHERE ( openid='ot3tm1XOLoOyPh-owwyawdrskQVw' ) LIMIT 1   [ RunTime:0.0000s ]
SQL: UPDATE `cow_userinfo` SET `user_name`='杨振宇',`user_photo`='http://wx.qlogo.cn/mmopen/vi_32/PiajxSqBRaEL6suvXAe88PHjXFiaWQicI9ajRAgyLJE0ib5ZQwCPb6OeRiaarNMfm6CO7icCF90liarcShvIp3Ziaics0aw/0' WHERE ( openid='ot3tm1XOLoOyPh-owwyawdrskQVw' ) [ RunTime:0.0000s ]
SQL: SELECT * FROM `cow_userinfo` WHERE ( openid='ot3tm1XOLoOyPh-owwyawdrskQVw' ) LIMIT 1   [ RunTime:0.0000s ]
INFO: [ app_end ] --START--
INFO: Run Behavior\ShowPageTraceBehavior [ RunTime:0.000000s ]
INFO: [ app_end ] --END-- [ RunTime:0.000000s ]

[ 2017-10-06T08:57:29+08:00 ] 123.151.138.58 /duobao/index.php/Index/index.html
INFO: [ app_init ] --START--
INFO: Run Behavior\BuildLiteBehavior [ RunTime:0.000000s ]
INFO: [ app_init ] --END-- [ RunTime:0.000000s ]
INFO: [ app_begin ] --START--
INFO: Run Behavior\ReadHtmlCacheBehavior [ RunTime:0.000000s ]
INFO: [ app_begin ] --END-- [ RunTime:0.000000s ]
SQL: SHOW COLUMNS FROM `cow_userinfo` [ RunTime:0.0000s ]
SQL: SELECT * FROM `cow_userinfo` WHERE ( openid='ot3tm1XOLoOyPh-owwyawdrskQVw' ) LIMIT 1   [ RunTime:0.0000s ]
SQL: SHOW COLUMNS FROM `cow_buy` [ RunTime:0.0156s ]
SQL: SELECT * FROM cow_buy a,cow_userinfo b,cow_goods c WHERE ( a.wx=1 and a.controller=0 and a.user_id=b.id and a.goods_id=c.id ) ORDER BY buy_time desc  [ RunTime:0.0000s ]
SQL: SELECT * FROM cow_buy a,cow_userinfo b,cow_goods c WHERE ( a.wx=1 and a.user_id=b.id and a.goods_id=c.id and a.controller!=0 and a.success=1 ) ORDER BY buy_time desc LIMIT 0,40   [ RunTime:0.0000s ]
SQL: SHOW COLUMNS FROM `cow_award` [ RunTime:0.0000s ]
SQL: SELECT * FROM `cow_award` ORDER BY award_time desc LIMIT 0,100   [ RunTime:0.0000s ]
SQL: SELECT * FROM `cow_award` WHERE ( award_number!='' ) ORDER BY date_number desc LIMIT 1   [ RunTime:0.0000s ]
INFO: [ view_parse ] --START--
INFO: [ template_filter ] --START--
INFO: Run Behavior\ContentReplaceBehavior [ RunTime:0.000000s ]
INFO: [ template_filter ] --END-- [ RunTime:0.000000s ]
NOTIC: [8] Undefined index: number C:\wamp\www\duobao\app\Runtime\Cache\Home\7d1be2da70a3ea5a748881a71cd7aefd.php 第 668 行.
NOTIC: [8] Undefined index: new_date_number C:\wamp\www\duobao\app\Runtime\Cache\Home\7d1be2da70a3ea5a748881a71cd7aefd.php 第 670 行.
INFO: Run Behavior\ParseTemplateBehavior [ RunTime:0.031250s ]
INFO: [ view_parse ] --END-- [ RunTime:0.031250s ]
INFO: [ view_filter ] --START--
INFO: Run Behavior\WriteHtmlCacheBehavior [ RunTime:0.000000s ]
INFO: [ view_filter ] --END-- [ RunTime:0.000000s ]
INFO: [ app_end ] --START--
INFO: Run Behavior\ShowPageTraceBehavior [ RunTime:0.000000s ]
INFO: [ app_end ] --END-- [ RunTime:0.000000s ]

[ 2017-10-06T08:57:33+08:00 ] 123.151.138.58 /duobao/index.php/Index/number
INFO: [ app_init ] --START--
INFO: Run Behavior\BuildLiteBehavior [ RunTime:0.000000s ]
INFO: [ app_init ] --END-- [ RunTime:0.000000s ]
INFO: [ app_begin ] --START--
INFO: Run Behavior\ReadHtmlCacheBehavior [ RunTime:0.000000s ]
INFO: [ app_begin ] --END-- [ RunTime:0.000000s ]
SQL: SHOW COLUMNS FROM `cow_award` [ RunTime:0.0156s ]
SQL: SELECT * FROM `cow_award` WHERE ( award_number!='' ) ORDER BY date_number desc LIMIT 1   [ RunTime:0.0000s ]

[ 2017-10-06T08:57:34+08:00 ] 123.151.138.58 /duobao/index.php/Index/number
INFO: [ app_init ] --START--
INFO: Run Behavior\BuildLiteBehavior [ RunTime:0.000000s ]
INFO: [ app_init ] --END-- [ RunTime:0.000000s ]
INFO: [ app_begin ] --START--
INFO: Run Behavior\ReadHtmlCacheBehavior [ RunTime:0.000000s ]
INFO: [ app_begin ] --END-- [ RunTime:0.000000s ]
SQL: SHOW COLUMNS FROM `cow_award` [ RunTime:0.0156s ]
SQL: SELECT * FROM `cow_award` WHERE ( award_number!='' ) ORDER BY date_number desc LIMIT 1   [ RunTime:0.0000s ]

[ 2017-10-06T08:57:35+08:00 ] 123.151.138.58 /duobao/index.php/Index/number
INFO: [ app_init ] --START--
INFO: Run Behavior\BuildLiteBehavior [ RunTime:0.000000s ]
INFO: [ app_init ] --END-- [ RunTime:0.000000s ]
INFO: [ app_begin ] --START--
INFO: Run Behavior\ReadHtmlCacheBehavior [ RunTime:0.000000s ]
INFO: [ app_begin ] --END-- [ RunTime:0.000000s ]
SQL: SHOW COLUMNS FROM `cow_award` [ RunTime:0.0000s ]
SQL: SELECT * FROM `cow_award` WHERE ( award_number!='' ) ORDER BY date_number desc LIMIT 1   [ RunTime:0.0000s ]

[ 2017-10-06T08:57:36+08:00 ] 123.151.138.58 /duobao/index.php/Index/number
INFO: [ app_init ] --START--
INFO: Run Behavior\BuildLiteBehavior [ RunTime:0.000000s ]
INFO: [ app_init ] --END-- [ RunTime:0.000000s ]
INFO: [ app_begin ] --START--
INFO: Run Behavior\ReadHtmlCacheBehavior [ RunTime:0.000000s ]
INFO: [ app_begin ] --END-- [ RunTime:0.000000s ]
SQL: SHOW COLUMNS FROM `cow_award` [ RunTime:0.0000s ]
SQL: SELECT * FROM `cow_award` WHERE ( award_number!='' ) ORDER BY date_number desc LIMIT 1   [ RunTime:0.0000s ]

[ 2017-10-06T08:57:37+08:00 ] 117.185.27.113 /duobao/index.php/Login/login
INFO: [ app_init ] --START--
INFO: Run Behavior\BuildLiteBehavior [ RunTime:0.000000s ]
INFO: [ app_init ] --END-- [ RunTime:0.000000s ]
INFO: [ app_begin ] --START--
INFO: Run Behavior\ReadHtmlCacheBehavior [ RunTime:0.000000s ]
INFO: [ app_begin ] --END-- [ RunTime:0.000000s ]
INFO: [ app_end ] --START--
INFO: Run Behavior\ShowPageTraceBehavior [ RunTime:0.000000s ]
INFO: [ app_end ] --END-- [ RunTime:0.000000s ]

[ 2017-10-06T08:57:37+08:00 ] 123.151.138.58 /duobao/index.php/Index/number
INFO: [ app_init ] --START--
INFO: Run Behavior\BuildLiteBehavior [ RunTime:0.000000s ]
INFO: [ app_init ] --END-- [ RunTime:0.000000s ]
INFO: [ app_begin ] --START--
INFO: Run Behavior\ReadHtmlCacheBehavior [ RunTime:0.000000s ]
INFO: [ app_begin ] --END-- [ RunTime:0.000000s ]
SQL: SHOW COLUMNS FROM `cow_award` [ RunTime:0.0000s ]
SQL: SELECT * FROM `cow_award` WHERE ( award_number!='' ) ORDER BY date_number desc LIMIT 1   [ RunTime:0.0000s ]

[ 2017-10-06T08:57:39+08:00 ] 123.151.138.58 /duobao/index.php/Index/number
INFO: [ app_init ] --START--
INFO: Run Behavior\BuildLiteBehavior [ RunTime:0.000000s ]
INFO: [ app_init ] --END-- [ RunTime:0.000000s ]
INFO: [ app_begin ] --START--
INFO: Run Behavior\ReadHtmlCacheBehavior [ RunTime:0.000000s ]
INFO: [ app_begin ] --END-- [ RunTime:0.000000s ]
SQL: SHOW COLUMNS FROM `cow_award` [ RunTime:0.0000s ]
SQL: SELECT * FROM `cow_award` WHERE ( award_number!='' ) ORDER BY date_number desc LIMIT 1   [ RunTime:0.0000s ]

[ 2017-10-06T22:31:13+08:00 ] 123.151.148.187 /duobao/index.php/Login/login
INFO: [ app_init ] --START--
INFO: Run Behavior\BuildLiteBehavior [ RunTime:0.000000s ]
INFO: [ app_init ] --END-- [ RunTime:0.000000s ]
INFO: [ app_begin ] --START--
INFO: Run Behavior\ReadHtmlCacheBehavior [ RunTime:0.000000s ]
INFO: [ app_begin ] --END-- [ RunTime:0.000000s ]
INFO: [ app_end ] --START--
INFO: Run Behavior\ShowPageTraceBehavior [ RunTime:0.000000s ]
INFO: [ app_end ] --END-- [ RunTime:0.000000s ]

[ 2017-10-06T22:31:14+08:00 ] 123.151.148.187 /duobao/index.php/Login/login_do?code=081Y3vox1bydHf0eFbrx1KFrox1Y3vom&state=1
INFO: [ app_init ] --START--
INFO: Run Behavior\BuildLiteBehavior [ RunTime:0.000000s ]
INFO: [ app_init ] --END-- [ RunTime:0.000000s ]
INFO: [ app_begin ] --START--
INFO: Run Behavior\ReadHtmlCacheBehavior [ RunTime:0.015625s ]
INFO: [ app_begin ] --END-- [ RunTime:0.015625s ]
NOTIC: [8] Undefined index: access_token C:\wamp\www\duobao\lib\ThinkPHP\Library\Vendor\Card\class_weixin_adv.php 第 31 行.
SQL: SHOW COLUMNS FROM `cow_userinfo` [ RunTime:0.0000s ]
SQL: SELECT * FROM `cow_userinfo` WHERE ( openid='ot3tm1Qj2VWt8wBCBAmSpZ04VX34' ) LIMIT 1   [ RunTime:0.0000s ]
SQL: UPDATE `cow_userinfo` SET `user_name`='！',`user_photo`='http://wx.qlogo.cn/mmopen/vi_32/ggg5dgcxD0F3YKAS5PZypWwcm6bQN621ic9RVAuntCFmURsZ2aWj3iaqiadrROic8QJmJ5pmKTT33E6R7cQr7Nembg/0' WHERE ( openid='ot3tm1Qj2VWt8wBCBAmSpZ04VX34' ) [ RunTime:0.0000s ]
SQL: SELECT * FROM `cow_userinfo` WHERE ( openid='ot3tm1Qj2VWt8wBCBAmSpZ04VX34' ) LIMIT 1   [ RunTime:0.0000s ]
INFO: [ app_end ] --START--
INFO: Run Behavior\ShowPageTraceBehavior [ RunTime:0.000000s ]
INFO: [ app_end ] --END-- [ RunTime:0.000000s ]

[ 2017-10-06T22:31:14+08:00 ] 123.151.148.187 /duobao/index.php/Index/index.html
INFO: [ app_init ] --START--
INFO: Run Behavior\BuildLiteBehavior [ RunTime:0.000000s ]
INFO: [ app_init ] --END-- [ RunTime:0.000000s ]
INFO: [ app_begin ] --START--
INFO: Run Behavior\ReadHtmlCacheBehavior [ RunTime:0.000000s ]
INFO: [ app_begin ] --END-- [ RunTime:0.000000s ]
SQL: SHOW COLUMNS FROM `cow_userinfo` [ RunTime:0.0000s ]
SQL: SELECT * FROM `cow_userinfo` WHERE ( openid='ot3tm1Qj2VWt8wBCBAmSpZ04VX34' ) LIMIT 1   [ RunTime:0.0000s ]
SQL: SHOW COLUMNS FROM `cow_buy` [ RunTime:0.0156s ]
SQL: SELECT * FROM cow_buy a,cow_userinfo b,cow_goods c WHERE ( a.wx=1 and a.controller=0 and a.user_id=b.id and a.goods_id=c.id ) ORDER BY buy_time desc  [ RunTime:0.0000s ]
SQL: SELECT * FROM cow_buy a,cow_userinfo b,cow_goods c WHERE ( a.wx=1 and a.user_id=b.id and a.goods_id=c.id and a.controller!=0 and a.success=1 ) ORDER BY buy_time desc LIMIT 0,40   [ RunTime:0.0000s ]
SQL: SHOW COLUMNS FROM `cow_award` [ RunTime:0.0000s ]
SQL: SELECT * FROM `cow_award` ORDER BY award_time desc LIMIT 0,100   [ RunTime:0.0000s ]
SQL: SELECT * FROM `cow_award` WHERE ( award_number!='' ) ORDER BY date_number desc LIMIT 1   [ RunTime:0.0000s ]
INFO: [ view_parse ] --START--
INFO: [ template_filter ] --START--
INFO: Run Behavior\ContentReplaceBehavior [ RunTime:0.000000s ]
INFO: [ template_filter ] --END-- [ RunTime:0.000000s ]
NOTIC: [8] Undefined index: number C:\wamp\www\duobao\app\Runtime\Cache\Home\7d1be2da70a3ea5a748881a71cd7aefd.php 第 668 行.
NOTIC: [8] Undefined index: new_date_number C:\wamp\www\duobao\app\Runtime\Cache\Home\7d1be2da70a3ea5a748881a71cd7aefd.php 第 670 行.
INFO: Run Behavior\ParseTemplateBehavior [ RunTime:0.031250s ]
INFO: [ view_parse ] --END-- [ RunTime:0.031250s ]
INFO: [ view_filter ] --START--
INFO: Run Behavior\WriteHtmlCacheBehavior [ RunTime:0.000000s ]
INFO: [ view_filter ] --END-- [ RunTime:0.000000s ]
INFO: [ app_end ] --START--
INFO: Run Behavior\ShowPageTraceBehavior [ RunTime:0.000000s ]
INFO: [ app_end ] --END-- [ RunTime:0.000000s ]

[ 2017-10-06T22:31:17+08:00 ] 123.151.148.187 /duobao/index.php/Index/number
INFO: [ app_init ] --START--
INFO: Run Behavior\BuildLiteBehavior [ RunTime:0.000000s ]
INFO: [ app_init ] --END-- [ RunTime:0.000000s ]
INFO: [ app_begin ] --START--
INFO: Run Behavior\ReadHtmlCacheBehavior [ RunTime:0.000000s ]
INFO: [ app_begin ] --END-- [ RunTime:0.000000s ]
SQL: SHOW COLUMNS FROM `cow_award` [ RunTime:0.0000s ]
SQL: SELECT * FROM `cow_award` WHERE ( award_number!='' ) ORDER BY date_number desc LIMIT 1   [ RunTime:0.0000s ]

[ 2017-10-06T22:31:18+08:00 ] 123.151.148.187 /duobao/index.php/Index/number
INFO: [ app_init ] --START--
INFO: Run Behavior\BuildLiteBehavior [ RunTime:0.000000s ]
INFO: [ app_init ] --END-- [ RunTime:0.000000s ]
INFO: [ app_begin ] --START--
INFO: Run Behavior\ReadHtmlCacheBehavior [ RunTime:0.000000s ]
INFO: [ app_begin ] --END-- [ RunTime:0.000000s ]
SQL: SHOW COLUMNS FROM `cow_award` [ RunTime:0.0000s ]
SQL: SELECT * FROM `cow_award` WHERE ( award_number!='' ) ORDER BY date_number desc LIMIT 1   [ RunTime:0.0000s ]

[ 2017-10-06T22:31:19+08:00 ] 123.151.148.187 /duobao/index.php/Index/number
INFO: [ app_init ] --START--
INFO: Run Behavior\BuildLiteBehavior [ RunTime:0.000000s ]
INFO: [ app_init ] --END-- [ RunTime:0.000000s ]
INFO: [ app_begin ] --START--
INFO: Run Behavior\ReadHtmlCacheBehavior [ RunTime:0.000000s ]
INFO: [ app_begin ] --END-- [ RunTime:0.000000s ]
SQL: SHOW COLUMNS FROM `cow_award` [ RunTime:0.0000s ]
SQL: SELECT * FROM `cow_award` WHERE ( award_number!='' ) ORDER BY date_number desc LIMIT 1   [ RunTime:0.0000s ]

[ 2017-10-06T22:31:20+08:00 ] 123.151.148.187 /duobao/index.php/Index/number
INFO: [ app_init ] --START--
INFO: Run Behavior\BuildLiteBehavior [ RunTime:0.000000s ]
INFO: [ app_init ] --END-- [ RunTime:0.000000s ]
INFO: [ app_begin ] --START--
INFO: Run Behavior\ReadHtmlCacheBehavior [ RunTime:0.015625s ]
INFO: [ app_begin ] --END-- [ RunTime:0.015625s ]
SQL: SHOW COLUMNS FROM `cow_award` [ RunTime:0.0000s ]
SQL: SELECT * FROM `cow_award` WHERE ( award_number!='' ) ORDER BY date_number desc LIMIT 1   [ RunTime:0.0000s ]

[ 2017-10-06T22:31:21+08:00 ] 123.151.148.187 /duobao/index.php/Index/number
INFO: [ app_init ] --START--
INFO: Run Behavior\BuildLiteBehavior [ RunTime:0.000000s ]
INFO: [ app_init ] --END-- [ RunTime:0.000000s ]
INFO: [ app_begin ] --START--
INFO: Run Behavior\ReadHtmlCacheBehavior [ RunTime:0.000000s ]
INFO: [ app_begin ] --END-- [ RunTime:0.000000s ]
SQL: SHOW COLUMNS FROM `cow_award` [ RunTime:0.0000s ]
SQL: SELECT * FROM `cow_award` WHERE ( award_number!='' ) ORDER BY date_number desc LIMIT 1   [ RunTime:0.0000s ]

[ 2017-10-06T22:31:22+08:00 ] 123.151.148.187 /duobao/index.php/Index/number
INFO: [ app_init ] --START--
INFO: Run Behavior\BuildLiteBehavior [ RunTime:0.000000s ]
INFO: [ app_init ] --END-- [ RunTime:0.000000s ]
INFO: [ app_begin ] --START--
INFO: Run Behavior\ReadHtmlCacheBehavior [ RunTime:0.015625s ]
INFO: [ app_begin ] --END-- [ RunTime:0.015625s ]
SQL: SHOW COLUMNS FROM `cow_award` [ RunTime:0.0000s ]
SQL: SELECT * FROM `cow_award` WHERE ( award_number!='' ) ORDER BY date_number desc LIMIT 1   [ RunTime:0.0000s ]

[ 2017-10-06T22:31:22+08:00 ] 117.185.27.113 /duobao/index.php/Login/login
INFO: [ app_init ] --START--
INFO: Run Behavior\BuildLiteBehavior [ RunTime:0.000000s ]
INFO: [ app_init ] --END-- [ RunTime:0.000000s ]
INFO: [ app_begin ] --START--
INFO: Run Behavior\ReadHtmlCacheBehavior [ RunTime:0.000000s ]
INFO: [ app_begin ] --END-- [ RunTime:0.000000s ]
INFO: [ app_end ] --START--
INFO: Run Behavior\ShowPageTraceBehavior [ RunTime:0.000000s ]
INFO: [ app_end ] --END-- [ RunTime:0.015625s ]

[ 2017-10-06T22:31:23+08:00 ] 123.151.148.187 /duobao/index.php/Index/number
INFO: [ app_init ] --START--
INFO: Run Behavior\BuildLiteBehavior [ RunTime:0.000000s ]
INFO: [ app_init ] --END-- [ RunTime:0.000000s ]
INFO: [ app_begin ] --START--
INFO: Run Behavior\ReadHtmlCacheBehavior [ RunTime:0.000000s ]
INFO: [ app_begin ] --END-- [ RunTime:0.000000s ]
SQL: SHOW COLUMNS FROM `cow_award` [ RunTime:0.0000s ]
SQL: SELECT * FROM `cow_award` WHERE ( award_number!='' ) ORDER BY date_number desc LIMIT 1   [ RunTime:0.0000s ]

[ 2017-10-06T22:35:58+08:00 ] 61.151.218.119 /duobao/index.php/Login/login
INFO: [ app_init ] --START--
INFO: Run Behavior\BuildLiteBehavior [ RunTime:0.000000s ]
INFO: [ app_init ] --END-- [ RunTime:0.000000s ]
INFO: [ app_begin ] --START--
INFO: Run Behavior\ReadHtmlCacheBehavior [ RunTime:0.000000s ]
INFO: [ app_begin ] --END-- [ RunTime:0.000000s ]
INFO: [ app_end ] --START--
INFO: Run Behavior\ShowPageTraceBehavior [ RunTime:0.000000s ]
INFO: [ app_end ] --END-- [ RunTime:0.000000s ]

